<?xml version="1.0" encoding="UTF-8"?>
<!-- Generated by org.testng.reporters.JUnitReportReporter -->
<testsuite hostname="mirketa-siddharth" failures="0" tests="23" name="SFProject.DSM" time="4.897" errors="1" timestamp="2020-12-11T16:57:09 IST" skipped="22">
  <testcase classname="SFProject.DSM" name="Setup" time="4.897">
    <error message="session not created: This version of ChromeDriver only supports Chrome version 84
Build info: version: &#039;3.141.59&#039;, revision: &#039;e82be7d358&#039;, time: &#039;2018-11-14T08:17:03&#039;
System info: host: &#039;MIRKETA-SIDDHAR&#039;, ip: &#039;192.168.1.4&#039;, os.name: &#039;Windows 10&#039;, os.arch: &#039;amd64&#039;, os.version: &#039;10.0&#039;, java.version: &#039;14.0.2&#039;
Driver info: driver.version: ChromeDriver
remote stacktrace: Backtrace:
	Ordinal0 [0x004887E3+2852835]
	Ordinal0 [0x00375BB1+1727409]
	Ordinal0 [0x0024E4B9+517305]
	Ordinal0 [0x001E0BA0+68512]
	Ordinal0 [0x001DD3A0+54176]
	Ordinal0 [0x001FD9F7+186871]
	Ordinal0 [0x001FD7FD+186365]
	Ordinal0 [0x001FB70B+177931]
	Ordinal0 [0x001E2584+75140]
	Ordinal0 [0x001E3650+79440]
	Ordinal0 [0x001E35E9+79337]
	Ordinal0 [0x0038AD5C+1813852]
	GetHandleVerifier [0x005AC616+1075574]
	GetHandleVerifier [0x005AC367+1074887]
	GetHandleVerifier [0x005B7497+1120247]
	GetHandleVerifier [0x005ACC16+1077110]
	Ordinal0 [0x00383206+1782278]
	Ordinal0 [0x0038C3BB+1819579]
	Ordinal0 [0x0038C523+1819939]
	Ordinal0 [0x003A2B45+1911621]
	BaseThreadInitThunk [0x7556FA29+25]
	RtlGetAppContainerNamedObjectPath [0x771F75F4+228]
	RtlGetAppContainerNamedObjectPath [0x771F75C4+180]
" type="org.openqa.selenium.SessionNotCreatedException">
      <![CDATA[org.openqa.selenium.SessionNotCreatedException: session not created: This version of ChromeDriver only supports Chrome version 84
Build info: version: '3.141.59', revision: 'e82be7d358', time: '2018-11-14T08:17:03'
System info: host: 'MIRKETA-SIDDHAR', ip: '192.168.1.4', os.name: 'Windows 10', os.arch: 'amd64', os.version: '10.0', java.version: '14.0.2'
Driver info: driver.version: ChromeDriver
remote stacktrace: Backtrace:
Ordinal0 [0x004887E3+2852835]
Ordinal0 [0x00375BB1+1727409]
Ordinal0 [0x0024E4B9+517305]
Ordinal0 [0x001E0BA0+68512]
Ordinal0 [0x001DD3A0+54176]
Ordinal0 [0x001FD9F7+186871]
Ordinal0 [0x001FD7FD+186365]
Ordinal0 [0x001FB70B+177931]
Ordinal0 [0x001E2584+75140]
Ordinal0 [0x001E3650+79440]
Ordinal0 [0x001E35E9+79337]
Ordinal0 [0x0038AD5C+1813852]
GetHandleVerifier [0x005AC616+1075574]
GetHandleVerifier [0x005AC367+1074887]
GetHandleVerifier [0x005B7497+1120247]
GetHandleVerifier [0x005ACC16+1077110]
Ordinal0 [0x00383206+1782278]
Ordinal0 [0x0038C3BB+1819579]
Ordinal0 [0x0038C523+1819939]
Ordinal0 [0x003A2B45+1911621]
BaseThreadInitThunk [0x7556FA29+25]
RtlGetAppContainerNamedObjectPath [0x771F75F4+228]
RtlGetAppContainerNamedObjectPath [0x771F75C4+180]

at java.base/jdk.internal.reflect.NativeConstructorAccessorImpl.newInstance0(Native Method)
at java.base/jdk.internal.reflect.NativeConstructorAccessorImpl.newInstance(NativeConstructorAccessorImpl.java:62)
at java.base/jdk.internal.reflect.DelegatingConstructorAccessorImpl.newInstance(DelegatingConstructorAccessorImpl.java:45)
at java.base/java.lang.reflect.Constructor.newInstanceWithCaller(Constructor.java:500)
at java.base/java.lang.reflect.Constructor.newInstance(Constructor.java:481)
at org.openqa.selenium.remote.W3CHandshakeResponse.lambda$errorHandler$0(W3CHandshakeResponse.java:62)
at org.openqa.selenium.remote.HandshakeResponse.lambda$getResponseFunction$0(HandshakeResponse.java:30)
at org.openqa.selenium.remote.ProtocolHandshake.lambda$createSession$0(ProtocolHandshake.java:126)
at java.base/java.util.stream.ReferencePipeline$3$1.accept(ReferencePipeline.java:195)
at java.base/java.util.Spliterators$ArraySpliterator.tryAdvance(Spliterators.java:958)
at java.base/java.util.stream.ReferencePipeline.forEachWithCancel(ReferencePipeline.java:127)
at java.base/java.util.stream.AbstractPipeline.copyIntoWithCancel(AbstractPipeline.java:502)
at java.base/java.util.stream.AbstractPipeline.copyInto(AbstractPipeline.java:488)
at java.base/java.util.stream.AbstractPipeline.wrapAndCopyInto(AbstractPipeline.java:474)
at java.base/java.util.stream.FindOps$FindOp.evaluateSequential(FindOps.java:150)
at java.base/java.util.stream.AbstractPipeline.evaluate(AbstractPipeline.java:234)
at java.base/java.util.stream.ReferencePipeline.findFirst(ReferencePipeline.java:543)
at org.openqa.selenium.remote.ProtocolHandshake.createSession(ProtocolHandshake.java:128)
at org.openqa.selenium.remote.ProtocolHandshake.createSession(ProtocolHandshake.java:74)
at org.openqa.selenium.remote.HttpCommandExecutor.execute(HttpCommandExecutor.java:136)
at org.openqa.selenium.remote.service.DriverCommandExecutor.execute(DriverCommandExecutor.java:83)
at org.openqa.selenium.remote.RemoteWebDriver.execute(RemoteWebDriver.java:552)
at org.openqa.selenium.remote.RemoteWebDriver.startSession(RemoteWebDriver.java:213)
at org.openqa.selenium.remote.RemoteWebDriver.<init>(RemoteWebDriver.java:131)
at org.openqa.selenium.chrome.ChromeDriver.<init>(ChromeDriver.java:181)
at org.openqa.selenium.chrome.ChromeDriver.<init>(ChromeDriver.java:168)
at org.openqa.selenium.chrome.ChromeDriver.<init>(ChromeDriver.java:157)
at SFProject.DSM.Setup(DSM.java:30)
at java.base/jdk.internal.reflect.NativeMethodAccessorImpl.invoke0(Native Method)
at java.base/jdk.internal.reflect.NativeMethodAccessorImpl.invoke(NativeMethodAccessorImpl.java:62)
at java.base/jdk.internal.reflect.DelegatingMethodAccessorImpl.invoke(DelegatingMethodAccessorImpl.java:43)
at java.base/java.lang.reflect.Method.invoke(Method.java:564)
at org.testng.internal.MethodInvocationHelper.invokeMethod(MethodInvocationHelper.java:135)
at org.testng.internal.MethodInvocationHelper.invokeMethodConsideringTimeout(MethodInvocationHelper.java:64)
at org.testng.internal.ConfigInvoker.invokeConfigurationMethod(ConfigInvoker.java:364)
at org.testng.internal.ConfigInvoker.invokeConfigurations(ConfigInvoker.java:318)
at org.testng.TestRunner.invokeTestConfigurations(TestRunner.java:620)
at org.testng.TestRunner.beforeRun(TestRunner.java:610)
at org.testng.TestRunner.run(TestRunner.java:581)
at org.testng.SuiteRunner.runTest(SuiteRunner.java:384)
at org.testng.SuiteRunner.runSequentially(SuiteRunner.java:378)
at org.testng.SuiteRunner.privateRun(SuiteRunner.java:337)
at org.testng.SuiteRunner.run(SuiteRunner.java:286)
at org.testng.SuiteRunnerWorker.runSuite(SuiteRunnerWorker.java:53)
at org.testng.SuiteRunnerWorker.run(SuiteRunnerWorker.java:96)
at org.testng.TestNG.runSuitesSequentially(TestNG.java:1214)
at org.testng.TestNG.runSuitesLocally(TestNG.java:1136)
at org.testng.TestNG.runSuites(TestNG.java:1066)
at org.testng.TestNG.run(TestNG.java:1034)
at org.testng.remote.AbstractRemoteTestNG.run(AbstractRemoteTestNG.java:115)
at org.testng.remote.RemoteTestNG.initAndRun(RemoteTestNG.java:251)
at org.testng.remote.RemoteTestNG.main(RemoteTestNG.java:77)
]]>
    </error>
  </testcase> <!-- Setup -->
  <system-out/>
  <testcase classname="SFProject.DSM" name="LoginToDSM" time="0.000">
    <skipped/>
  </testcase> <!-- LoginToDSM -->
  <system-out/>
  <testcase classname="SFProject.DSM" name="Hamberger" time="0.000">
    <skipped/>
  </testcase> <!-- Hamberger -->
  <system-out/>
  <testcase classname="SFProject.DSM" name="SearchAndMergeTab" time="0.000">
    <skipped/>
  </testcase> <!-- SearchAndMergeTab -->
  <system-out/>
  <testcase classname="SFProject.DSM" name="Scrren1Text1" time="0.000">
    <skipped/>
  </testcase> <!-- Scrren1Text1 -->
  <system-out/>
  <testcase classname="SFProject.DSM" name="Scrren1Text2" time="0.000">
    <skipped/>
  </testcase> <!-- Scrren1Text2 -->
  <system-out/>
  <testcase classname="SFProject.DSM" name="Screen1Text3" time="0.000">
    <skipped/>
  </testcase> <!-- Screen1Text3 -->
  <system-out/>
  <testcase classname="SFProject.DSM" name="Screen1ItalicsText4" time="0.000">
    <skipped/>
  </testcase> <!-- Screen1ItalicsText4 -->
  <system-out/>
  <testcase classname="SFProject.DSM" name="ListOfObjects" time="0.000">
    <skipped/>
  </testcase> <!-- ListOfObjects -->
  <system-out/>
  <testcase classname="SFProject.DSM" name="FirstPreviousText" time="0.000">
    <skipped/>
  </testcase> <!-- FirstPreviousText -->
  <system-out/>
  <testcase classname="SFProject.DSM" name="FirstScreenNextClick" time="0.000">
    <skipped/>
  </testcase> <!-- FirstScreenNextClick -->
  <system-out/>
  <testcase classname="SFProject.DSM" name="SelectAnyObject" time="0.000">
    <skipped/>
  </testcase> <!-- SelectAnyObject -->
  <system-out/>
  <testcase classname="SFProject.DSM" name="Screen2Text2" time="0.000">
    <skipped/>
  </testcase> <!-- Screen2Text2 -->
  <system-out/>
  <testcase classname="SFProject.DSM" name="Screen2Text3" time="0.000">
    <skipped/>
  </testcase> <!-- Screen2Text3 -->
  <system-out/>
  <testcase classname="SFProject.DSM" name="ChooseField1" time="0.000">
    <skipped/>
  </testcase> <!-- ChooseField1 -->
  <system-out/>
  <testcase classname="SFProject.DSM" name="ChooseField2" time="0.000">
    <skipped/>
  </testcase> <!-- ChooseField2 -->
  <system-out/>
  <testcase classname="SFProject.DSM" name="NextPreviousTextCheck" time="0.000">
    <skipped/>
  </testcase> <!-- NextPreviousTextCheck -->
  <system-out/>
  <testcase classname="SFProject.DSM" name="SecondScreenNextClick" time="0.000">
    <skipped/>
  </testcase> <!-- SecondScreenNextClick -->
  <system-out/>
  <testcase classname="SFProject.DSM" name="Screen3Text1" time="0.000">
    <skipped/>
  </testcase> <!-- Screen3Text1 -->
  <system-out/>
  <testcase classname="SFProject.DSM" name="Screen3Text2" time="0.000">
    <skipped/>
  </testcase> <!-- Screen3Text2 -->
  <system-out/>
  <testcase classname="SFProject.DSM" name="ThirdPreviousText" time="0.000">
    <skipped/>
  </testcase> <!-- ThirdPreviousText -->
  <system-out/>
  <testcase classname="SFProject.DSM" name="ThirdNextText" time="0.000">
    <skipped/>
  </testcase> <!-- ThirdNextText -->
  <system-out/>
  <testcase classname="SFProject.DSM" name="ThirdScreenNextClick" time="0.000">
    <skipped/>
  </testcase> <!-- ThirdScreenNextClick -->
  <system-out/>
</testsuite> <!-- SFProject.DSM -->
